
> @dyslexia-first/ui-components@0.1.0 build C:\HYPERfocusZONE code\code zone\HyperSpace\packages\ui-components
> tsup

[34mCLI[39m Building entry: src/index.tsx
[34mCLI[39m Using tsconfig: tsconfig.json
[34mCLI[39m tsup v8.0.0
[34mCLI[39m Using tsup config: C:\HYPERfocusZONE code\code zone\HyperSpace\packages\ui-components\tsup.config.ts
[34mCLI[39m Target: es2020
[34mCLI[39m Cleaning output folder
[34mCJS[39m Build start
[34mESM[39m Build start
[32mCJS[39m [1mdist\index.cjs     [22m[32m1.83 KB[39m
[32mCJS[39m [1mdist\index.cjs.map [22m[32m1.56 KB[39m
[32mCJS[39m ⚡️ Build success in 367ms
[32mESM[39m [1mdist\index.js     [22m[32m839.00 B[39m
[32mESM[39m [1mdist\index.js.map [22m[32m1.52 KB[39m
[32mESM[39m ⚡️ Build success in 385ms
[34mDTS[39m Build start
[32mDTS[39m ⚡️ Build success in 3877ms
[32mDTS[39m [1mdist\index.d.cts [22m[32m275.00 B[39m
[32mDTS[39m [1mdist\index.d.ts  [22m[32m275.00 B[39m
